2026-03-02 12:17:27,740 - DEBUG - hooks.py - Changing event name from creating-client-class.iot-data to creating-client-class.iot-data-plane
2026-03-02 12:17:27,742 - DEBUG - hooks.py - Changing event name from before-call.apigateway to before-call.api-gateway
2026-03-02 12:17:27,743 - DEBUG - hooks.py - Changing event name from request-created.machinelearning.Predict to request-created.machine-learning.Predict
2026-03-02 12:17:27,743 - DEBUG - hooks.py - Changing event name from before-parameter-build.autoscaling.CreateLaunchConfiguration to before-parameter-build.auto-scaling.CreateLaunchConfiguration
2026-03-02 12:17:27,744 - DEBUG - hooks.py - Changing event name from before-parameter-build.route53 to before-parameter-build.route-53
2026-03-02 12:17:27,745 - DEBUG - hooks.py - Changing event name from request-created.cloudsearchdomain.Search to request-created.cloudsearch-domain.Search
2026-03-02 12:17:27,745 - DEBUG - hooks.py - Changing event name from docs.*.autoscaling.CreateLaunchConfiguration.complete-section to docs.*.auto-scaling.CreateLaunchConfiguration.complete-section
2026-03-02 12:17:27,746 - DEBUG - hooks.py - Changing event name from before-parameter-build.logs.CreateExportTask to before-parameter-build.cloudwatch-logs.CreateExportTask
2026-03-02 12:17:27,747 - DEBUG - hooks.py - Changing event name from docs.*.logs.CreateExportTask.complete-section to docs.*.cloudwatch-logs.CreateExportTask.complete-section
2026-03-02 12:17:27,747 - DEBUG - hooks.py - Changing event name from before-parameter-build.cloudsearchdomain.Search to before-parameter-build.cloudsearch-domain.Search
2026-03-02 12:17:27,747 - DEBUG - hooks.py - Changing event name from docs.*.cloudsearchdomain.Search.complete-section to docs.*.cloudsearch-domain.Search.complete-section
2026-03-02 12:17:27,761 - DEBUG - loaders.py - Loading JSON file: E:\AlgoAnalytics\Project2\Quant_Strategy\.venv\Lib\site-packages\botocore\data\endpoints.json
2026-03-02 12:17:27,784 - DEBUG - loaders.py - Loading JSON file: E:\AlgoAnalytics\Project2\Quant_Strategy\.venv\Lib\site-packages\botocore\data\sdk-default-configuration.json
2026-03-02 12:17:27,784 - DEBUG - hooks.py - Event choose-service-name: calling handler <function handle_service_name_alias at 0x00000173E735B690>
2026-03-02 12:17:27,858 - DEBUG - loaders.py - Loading JSON file: E:\AlgoAnalytics\Project2\Quant_Strategy\.venv\Lib\site-packages\botocore\data\s3\2006-03-01\service-2.json.gz
2026-03-02 12:17:27,873 - DEBUG - loaders.py - Loading JSON file: E:\AlgoAnalytics\Project2\Quant_Strategy\.venv\Lib\site-packages\botocore\data\s3\2006-03-01\service-2.sdk-extras.json
2026-03-02 12:17:27,924 - DEBUG - loaders.py - Loading JSON file: E:\AlgoAnalytics\Project2\Quant_Strategy\.venv\Lib\site-packages\botocore\data\s3\2006-03-01\endpoint-rule-set-1.json.gz
2026-03-02 12:17:27,939 - DEBUG - loaders.py - Loading JSON file: E:\AlgoAnalytics\Project2\Quant_Strategy\.venv\Lib\site-packages\botocore\data\partitions.json
2026-03-02 12:17:27,940 - DEBUG - hooks.py - Event creating-client-class.s3: calling handler <function add_generate_presigned_post at 0x00000173E72BE8D0>
2026-03-02 12:17:27,940 - DEBUG - hooks.py - Event creating-client-class.s3: calling handler <function lazy_call.<locals>._handler at 0x000001749116A140>
2026-03-02 12:17:27,998 - DEBUG - hooks.py - Event creating-client-class.s3: calling handler <function add_generate_presigned_url at 0x00000173E72BE610>
2026-03-02 12:17:27,999 - DEBUG - configprovider.py - Looking for endpoint for s3 via: environment_service
2026-03-02 12:17:27,999 - DEBUG - configprovider.py - Looking for endpoint for s3 via: environment_global
2026-03-02 12:17:27,999 - DEBUG - configprovider.py - Looking for endpoint for s3 via: config_service
2026-03-02 12:17:27,999 - DEBUG - configprovider.py - Looking for endpoint for s3 via: config_global
2026-03-02 12:17:28,000 - DEBUG - configprovider.py - No configured endpoint found.
2026-03-02 12:17:28,001 - DEBUG - endpoint.py - Setting s3 timeout as (60, 60)
2026-03-02 12:17:28,022 - DEBUG - loaders.py - Loading JSON file: E:\AlgoAnalytics\Project2\Quant_Strategy\.venv\Lib\site-packages\botocore\data\_retry.json
2026-03-02 12:17:28,023 - DEBUG - client.py - Registering retry handlers for service: s3
2026-03-02 12:17:28,023 - DEBUG - utils.py - Registering S3 region redirector handler
2026-03-02 12:17:28,024 - DEBUG - utils.py - Registering S3Express Identity Resolver
2026-03-02 12:17:28,675 - INFO - main.py - Submitting task for Jul 2014
2026-03-02 12:17:28,677 - INFO - main.py - Submitting task for Aug 2014
2026-03-02 12:17:28,685 - INFO - main.py - Submitting task for Sep 2014
2026-03-02 12:17:28,704 - INFO - main.py - Submitting task for Oct 2014
2026-03-02 12:17:28,705 - INFO - main.py - Submitting task for Nov 2014
2026-03-02 12:17:28,715 - INFO - main.py - Submitting task for Dec 2014
2026-03-02 12:20:36,976 - DEBUG - hooks.py - Changing event name from creating-client-class.iot-data to creating-client-class.iot-data-plane
2026-03-02 12:20:36,978 - DEBUG - hooks.py - Changing event name from before-call.apigateway to before-call.api-gateway
2026-03-02 12:20:36,978 - DEBUG - hooks.py - Changing event name from request-created.machinelearning.Predict to request-created.machine-learning.Predict
2026-03-02 12:20:36,979 - DEBUG - hooks.py - Changing event name from before-parameter-build.autoscaling.CreateLaunchConfiguration to before-parameter-build.auto-scaling.CreateLaunchConfiguration
2026-03-02 12:20:36,979 - DEBUG - hooks.py - Changing event name from before-parameter-build.route53 to before-parameter-build.route-53
2026-03-02 12:20:36,980 - DEBUG - hooks.py - Changing event name from request-created.cloudsearchdomain.Search to request-created.cloudsearch-domain.Search
2026-03-02 12:20:36,980 - DEBUG - hooks.py - Changing event name from docs.*.autoscaling.CreateLaunchConfiguration.complete-section to docs.*.auto-scaling.CreateLaunchConfiguration.complete-section
2026-03-02 12:20:36,981 - DEBUG - hooks.py - Changing event name from before-parameter-build.logs.CreateExportTask to before-parameter-build.cloudwatch-logs.CreateExportTask
2026-03-02 12:20:36,982 - DEBUG - hooks.py - Changing event name from docs.*.logs.CreateExportTask.complete-section to docs.*.cloudwatch-logs.CreateExportTask.complete-section
2026-03-02 12:20:36,982 - DEBUG - hooks.py - Changing event name from before-parameter-build.cloudsearchdomain.Search to before-parameter-build.cloudsearch-domain.Search
2026-03-02 12:20:36,982 - DEBUG - hooks.py - Changing event name from docs.*.cloudsearchdomain.Search.complete-section to docs.*.cloudsearch-domain.Search.complete-section
2026-03-02 12:20:36,984 - DEBUG - loaders.py - Loading JSON file: E:\AlgoAnalytics\Project2\Quant_Strategy\.venv\Lib\site-packages\botocore\data\endpoints.json
2026-03-02 12:20:36,999 - DEBUG - loaders.py - Loading JSON file: E:\AlgoAnalytics\Project2\Quant_Strategy\.venv\Lib\site-packages\botocore\data\sdk-default-configuration.json
2026-03-02 12:20:37,000 - DEBUG - hooks.py - Event choose-service-name: calling handler <function handle_service_name_alias at 0x00000197E051B690>
2026-03-02 12:20:37,031 - DEBUG - loaders.py - Loading JSON file: E:\AlgoAnalytics\Project2\Quant_Strategy\.venv\Lib\site-packages\botocore\data\s3\2006-03-01\service-2.json.gz
2026-03-02 12:20:37,036 - DEBUG - loaders.py - Loading JSON file: E:\AlgoAnalytics\Project2\Quant_Strategy\.venv\Lib\site-packages\botocore\data\s3\2006-03-01\service-2.sdk-extras.json
2026-03-02 12:20:37,063 - DEBUG - loaders.py - Loading JSON file: E:\AlgoAnalytics\Project2\Quant_Strategy\.venv\Lib\site-packages\botocore\data\s3\2006-03-01\endpoint-rule-set-1.json.gz
2026-03-02 12:20:37,066 - DEBUG - loaders.py - Loading JSON file: E:\AlgoAnalytics\Project2\Quant_Strategy\.venv\Lib\site-packages\botocore\data\partitions.json
2026-03-02 12:20:37,067 - DEBUG - hooks.py - Event creating-client-class.s3: calling handler <function add_generate_presigned_post at 0x00000197E047E8D0>
2026-03-02 12:20:37,068 - DEBUG - hooks.py - Event creating-client-class.s3: calling handler <function lazy_call.<locals>._handler at 0x000001988FF1A140>
2026-03-02 12:20:37,069 - DEBUG - hooks.py - Event creating-client-class.s3: calling handler <function add_generate_presigned_url at 0x00000197E047E610>
2026-03-02 12:20:37,070 - DEBUG - configprovider.py - Looking for endpoint for s3 via: environment_service
2026-03-02 12:20:37,070 - DEBUG - configprovider.py - Looking for endpoint for s3 via: environment_global
2026-03-02 12:20:37,070 - DEBUG - configprovider.py - Looking for endpoint for s3 via: config_service
2026-03-02 12:20:37,070 - DEBUG - configprovider.py - Looking for endpoint for s3 via: config_global
2026-03-02 12:20:37,070 - DEBUG - configprovider.py - No configured endpoint found.
2026-03-02 12:20:37,072 - DEBUG - endpoint.py - Setting s3 timeout as (60, 60)
2026-03-02 12:20:37,075 - DEBUG - loaders.py - Loading JSON file: E:\AlgoAnalytics\Project2\Quant_Strategy\.venv\Lib\site-packages\botocore\data\_retry.json
2026-03-02 12:20:37,075 - DEBUG - client.py - Registering retry handlers for service: s3
2026-03-02 12:20:37,076 - DEBUG - utils.py - Registering S3 region redirector handler
2026-03-02 12:20:37,076 - DEBUG - utils.py - Registering S3Express Identity Resolver
2026-03-02 12:20:37,701 - INFO - main.py - Submitting task for Jul 2014
2026-03-02 12:20:37,702 - INFO - main.py - Submitting task for Aug 2014
2026-03-02 12:20:37,713 - INFO - main.py - Submitting task for Sep 2014
2026-03-02 12:20:37,730 - INFO - main.py - Submitting task for Oct 2014
2026-03-02 12:20:37,733 - INFO - main.py - Submitting task for Nov 2014
2026-03-02 12:20:37,741 - INFO - main.py - Submitting task for Dec 2014
2026-03-02 12:21:27,072 - DEBUG - hooks.py - Changing event name from creating-client-class.iot-data to creating-client-class.iot-data-plane
2026-03-02 12:21:27,075 - DEBUG - hooks.py - Changing event name from before-call.apigateway to before-call.api-gateway
2026-03-02 12:21:27,076 - DEBUG - hooks.py - Changing event name from request-created.machinelearning.Predict to request-created.machine-learning.Predict
2026-03-02 12:21:27,077 - DEBUG - hooks.py - Changing event name from before-parameter-build.autoscaling.CreateLaunchConfiguration to before-parameter-build.auto-scaling.CreateLaunchConfiguration
2026-03-02 12:21:27,077 - DEBUG - hooks.py - Changing event name from before-parameter-build.route53 to before-parameter-build.route-53
2026-03-02 12:21:27,077 - DEBUG - hooks.py - Changing event name from request-created.cloudsearchdomain.Search to request-created.cloudsearch-domain.Search
2026-03-02 12:21:27,078 - DEBUG - hooks.py - Changing event name from docs.*.autoscaling.CreateLaunchConfiguration.complete-section to docs.*.auto-scaling.CreateLaunchConfiguration.complete-section
2026-03-02 12:21:27,079 - DEBUG - hooks.py - Changing event name from before-parameter-build.logs.CreateExportTask to before-parameter-build.cloudwatch-logs.CreateExportTask
2026-03-02 12:21:27,079 - DEBUG - hooks.py - Changing event name from docs.*.logs.CreateExportTask.complete-section to docs.*.cloudwatch-logs.CreateExportTask.complete-section
2026-03-02 12:21:27,079 - DEBUG - hooks.py - Changing event name from before-parameter-build.cloudsearchdomain.Search to before-parameter-build.cloudsearch-domain.Search
2026-03-02 12:21:27,079 - DEBUG - hooks.py - Changing event name from docs.*.cloudsearchdomain.Search.complete-section to docs.*.cloudsearch-domain.Search.complete-section
2026-03-02 12:21:27,083 - DEBUG - loaders.py - Loading JSON file: e:\AlgoAnalytics\Project2\Quant_Strategy\.venv\Lib\site-packages\botocore\data\endpoints.json
2026-03-02 12:21:27,123 - DEBUG - loaders.py - Loading JSON file: e:\AlgoAnalytics\Project2\Quant_Strategy\.venv\Lib\site-packages\botocore\data\sdk-default-configuration.json
2026-03-02 12:21:27,124 - DEBUG - hooks.py - Event choose-service-name: calling handler <function handle_service_name_alias at 0x0000025FF83950C0>
2026-03-02 12:21:27,154 - DEBUG - loaders.py - Loading JSON file: e:\AlgoAnalytics\Project2\Quant_Strategy\.venv\Lib\site-packages\botocore\data\s3\2006-03-01\service-2.json.gz
2026-03-02 12:21:27,160 - DEBUG - loaders.py - Loading JSON file: e:\AlgoAnalytics\Project2\Quant_Strategy\.venv\Lib\site-packages\botocore\data\s3\2006-03-01\service-2.sdk-extras.json
2026-03-02 12:21:27,187 - DEBUG - loaders.py - Loading JSON file: e:\AlgoAnalytics\Project2\Quant_Strategy\.venv\Lib\site-packages\botocore\data\s3\2006-03-01\endpoint-rule-set-1.json.gz
2026-03-02 12:21:27,190 - DEBUG - loaders.py - Loading JSON file: e:\AlgoAnalytics\Project2\Quant_Strategy\.venv\Lib\site-packages\botocore\data\partitions.json
2026-03-02 12:21:27,192 - DEBUG - hooks.py - Event creating-client-class.s3: calling handler <function add_generate_presigned_post at 0x0000025FF8539430>
2026-03-02 12:21:27,192 - DEBUG - hooks.py - Event creating-client-class.s3: calling handler <function lazy_call.<locals>._handler at 0x0000025FA7067110>
2026-03-02 12:21:27,195 - DEBUG - hooks.py - Event creating-client-class.s3: calling handler <function add_generate_presigned_url at 0x0000025FF8539170>
2026-03-02 12:21:27,197 - DEBUG - configprovider.py - Looking for endpoint for s3 via: environment_service
2026-03-02 12:21:27,197 - DEBUG - configprovider.py - Looking for endpoint for s3 via: environment_global
2026-03-02 12:21:27,197 - DEBUG - configprovider.py - Looking for endpoint for s3 via: config_service
2026-03-02 12:21:27,198 - DEBUG - configprovider.py - Looking for endpoint for s3 via: config_global
2026-03-02 12:21:27,198 - DEBUG - configprovider.py - No configured endpoint found.
2026-03-02 12:21:27,204 - DEBUG - endpoint.py - Setting s3 timeout as (60, 60)
2026-03-02 12:21:27,209 - DEBUG - loaders.py - Loading JSON file: e:\AlgoAnalytics\Project2\Quant_Strategy\.venv\Lib\site-packages\botocore\data\_retry.json
2026-03-02 12:21:27,210 - DEBUG - client.py - Registering retry handlers for service: s3
2026-03-02 12:21:27,210 - DEBUG - utils.py - Registering S3 region redirector handler
2026-03-02 12:21:27,211 - DEBUG - utils.py - Registering S3Express Identity Resolver
2026-03-02 12:21:27,805 - INFO - main.py - Submitting task for Jul 2014
2026-03-02 12:21:27,809 - INFO - main.py - Submitting task for Aug 2014
2026-03-02 12:21:27,818 - INFO - main.py - Submitting task for Sep 2014
2026-03-02 12:22:05,250 - INFO - main.py - Submitting task for Oct 2014
2026-03-02 12:22:12,821 - INFO - main.py - Submitting task for Nov 2014
2026-03-02 12:22:12,821 - INFO - main.py - Submitting task for Dec 2014
2026-03-02 12:28:07,656 - DEBUG - hooks.py - Changing event name from creating-client-class.iot-data to creating-client-class.iot-data-plane
2026-03-02 12:28:07,657 - DEBUG - hooks.py - Changing event name from before-call.apigateway to before-call.api-gateway
2026-03-02 12:28:07,657 - DEBUG - hooks.py - Changing event name from request-created.machinelearning.Predict to request-created.machine-learning.Predict
2026-03-02 12:28:07,658 - DEBUG - hooks.py - Changing event name from before-parameter-build.autoscaling.CreateLaunchConfiguration to before-parameter-build.auto-scaling.CreateLaunchConfiguration
2026-03-02 12:28:07,658 - DEBUG - hooks.py - Changing event name from before-parameter-build.route53 to before-parameter-build.route-53
2026-03-02 12:28:07,658 - DEBUG - hooks.py - Changing event name from request-created.cloudsearchdomain.Search to request-created.cloudsearch-domain.Search
2026-03-02 12:28:07,659 - DEBUG - hooks.py - Changing event name from docs.*.autoscaling.CreateLaunchConfiguration.complete-section to docs.*.auto-scaling.CreateLaunchConfiguration.complete-section
2026-03-02 12:28:07,660 - DEBUG - hooks.py - Changing event name from before-parameter-build.logs.CreateExportTask to before-parameter-build.cloudwatch-logs.CreateExportTask
2026-03-02 12:28:07,660 - DEBUG - hooks.py - Changing event name from docs.*.logs.CreateExportTask.complete-section to docs.*.cloudwatch-logs.CreateExportTask.complete-section
2026-03-02 12:28:07,660 - DEBUG - hooks.py - Changing event name from before-parameter-build.cloudsearchdomain.Search to before-parameter-build.cloudsearch-domain.Search
2026-03-02 12:28:07,660 - DEBUG - hooks.py - Changing event name from docs.*.cloudsearchdomain.Search.complete-section to docs.*.cloudsearch-domain.Search.complete-section
2026-03-02 12:28:07,663 - DEBUG - loaders.py - Loading JSON file: e:\AlgoAnalytics\Project2\Quant_Strategy\.venv\Lib\site-packages\botocore\data\endpoints.json
2026-03-02 12:28:07,674 - DEBUG - loaders.py - Loading JSON file: e:\AlgoAnalytics\Project2\Quant_Strategy\.venv\Lib\site-packages\botocore\data\sdk-default-configuration.json
2026-03-02 12:28:07,675 - DEBUG - hooks.py - Event choose-service-name: calling handler <function handle_service_name_alias at 0x0000019CB77E3ED0>
2026-03-02 12:28:07,702 - DEBUG - loaders.py - Loading JSON file: e:\AlgoAnalytics\Project2\Quant_Strategy\.venv\Lib\site-packages\botocore\data\s3\2006-03-01\service-2.json.gz
2026-03-02 12:28:07,708 - DEBUG - loaders.py - Loading JSON file: e:\AlgoAnalytics\Project2\Quant_Strategy\.venv\Lib\site-packages\botocore\data\s3\2006-03-01\service-2.sdk-extras.json
2026-03-02 12:28:07,733 - DEBUG - loaders.py - Loading JSON file: e:\AlgoAnalytics\Project2\Quant_Strategy\.venv\Lib\site-packages\botocore\data\s3\2006-03-01\endpoint-rule-set-1.json.gz
2026-03-02 12:28:07,736 - DEBUG - loaders.py - Loading JSON file: e:\AlgoAnalytics\Project2\Quant_Strategy\.venv\Lib\site-packages\botocore\data\partitions.json
2026-03-02 12:28:07,737 - DEBUG - hooks.py - Event creating-client-class.s3: calling handler <function add_generate_presigned_post at 0x0000019CB77E1BC0>
2026-03-02 12:28:07,737 - DEBUG - hooks.py - Event creating-client-class.s3: calling handler <function lazy_call.<locals>._handler at 0x0000019CE5965640>
2026-03-02 12:28:07,739 - DEBUG - hooks.py - Event creating-client-class.s3: calling handler <function add_generate_presigned_url at 0x0000019CB77E1900>
2026-03-02 12:28:07,740 - DEBUG - configprovider.py - Looking for endpoint for s3 via: environment_service
2026-03-02 12:28:07,740 - DEBUG - configprovider.py - Looking for endpoint for s3 via: environment_global
2026-03-02 12:28:07,740 - DEBUG - configprovider.py - Looking for endpoint for s3 via: config_service
2026-03-02 12:28:07,740 - DEBUG - configprovider.py - Looking for endpoint for s3 via: config_global
2026-03-02 12:28:07,740 - DEBUG - configprovider.py - No configured endpoint found.
2026-03-02 12:28:07,744 - DEBUG - endpoint.py - Setting s3 timeout as (60, 60)
2026-03-02 12:28:07,748 - DEBUG - loaders.py - Loading JSON file: e:\AlgoAnalytics\Project2\Quant_Strategy\.venv\Lib\site-packages\botocore\data\_retry.json
2026-03-02 12:28:07,749 - DEBUG - client.py - Registering retry handlers for service: s3
2026-03-02 12:28:07,750 - DEBUG - utils.py - Registering S3 region redirector handler
2026-03-02 12:28:07,750 - DEBUG - utils.py - Registering S3Express Identity Resolver
2026-03-02 12:28:08,315 - INFO - main.py - Submitting task for Jul 2014
2026-03-02 12:28:08,317 - INFO - main.py - Submitting task for Aug 2014
2026-03-02 12:28:08,325 - INFO - main.py - Submitting task for Sep 2014
2026-03-02 12:28:08,343 - INFO - main.py - Submitting task for Oct 2014
2026-03-02 12:28:08,370 - INFO - main.py - Submitting task for Nov 2014
2026-03-02 12:28:08,391 - INFO - main.py - Submitting task for Dec 2014
2026-03-02 12:28:48,452 - DEBUG - hooks.py - Changing event name from creating-client-class.iot-data to creating-client-class.iot-data-plane
2026-03-02 12:28:48,454 - DEBUG - hooks.py - Changing event name from before-call.apigateway to before-call.api-gateway
2026-03-02 12:28:48,454 - DEBUG - hooks.py - Changing event name from request-created.machinelearning.Predict to request-created.machine-learning.Predict
2026-03-02 12:28:48,455 - DEBUG - hooks.py - Changing event name from before-parameter-build.autoscaling.CreateLaunchConfiguration to before-parameter-build.auto-scaling.CreateLaunchConfiguration
2026-03-02 12:28:48,455 - DEBUG - hooks.py - Changing event name from before-parameter-build.route53 to before-parameter-build.route-53
2026-03-02 12:28:48,455 - DEBUG - hooks.py - Changing event name from request-created.cloudsearchdomain.Search to request-created.cloudsearch-domain.Search
2026-03-02 12:28:48,456 - DEBUG - hooks.py - Changing event name from docs.*.autoscaling.CreateLaunchConfiguration.complete-section to docs.*.auto-scaling.CreateLaunchConfiguration.complete-section
2026-03-02 12:28:48,457 - DEBUG - hooks.py - Changing event name from before-parameter-build.logs.CreateExportTask to before-parameter-build.cloudwatch-logs.CreateExportTask
2026-03-02 12:28:48,457 - DEBUG - hooks.py - Changing event name from docs.*.logs.CreateExportTask.complete-section to docs.*.cloudwatch-logs.CreateExportTask.complete-section
2026-03-02 12:28:48,457 - DEBUG - hooks.py - Changing event name from before-parameter-build.cloudsearchdomain.Search to before-parameter-build.cloudsearch-domain.Search
2026-03-02 12:28:48,457 - DEBUG - hooks.py - Changing event name from docs.*.cloudsearchdomain.Search.complete-section to docs.*.cloudsearch-domain.Search.complete-section
2026-03-02 12:28:48,462 - DEBUG - loaders.py - Loading JSON file: e:\AlgoAnalytics\Project2\Quant_Strategy\.venv\Lib\site-packages\botocore\data\endpoints.json
2026-03-02 12:28:48,472 - DEBUG - loaders.py - Loading JSON file: e:\AlgoAnalytics\Project2\Quant_Strategy\.venv\Lib\site-packages\botocore\data\sdk-default-configuration.json
2026-03-02 12:28:48,473 - DEBUG - hooks.py - Event choose-service-name: calling handler <function handle_service_name_alias at 0x000001B53595FED0>
2026-03-02 12:28:48,501 - DEBUG - loaders.py - Loading JSON file: e:\AlgoAnalytics\Project2\Quant_Strategy\.venv\Lib\site-packages\botocore\data\s3\2006-03-01\service-2.json.gz
2026-03-02 12:28:48,506 - DEBUG - loaders.py - Loading JSON file: e:\AlgoAnalytics\Project2\Quant_Strategy\.venv\Lib\site-packages\botocore\data\s3\2006-03-01\service-2.sdk-extras.json
2026-03-02 12:28:48,531 - DEBUG - loaders.py - Loading JSON file: e:\AlgoAnalytics\Project2\Quant_Strategy\.venv\Lib\site-packages\botocore\data\s3\2006-03-01\endpoint-rule-set-1.json.gz
2026-03-02 12:28:48,534 - DEBUG - loaders.py - Loading JSON file: e:\AlgoAnalytics\Project2\Quant_Strategy\.venv\Lib\site-packages\botocore\data\partitions.json
2026-03-02 12:28:48,535 - DEBUG - hooks.py - Event creating-client-class.s3: calling handler <function add_generate_presigned_post at 0x000001B53595DBC0>
2026-03-02 12:28:48,535 - DEBUG - hooks.py - Event creating-client-class.s3: calling handler <function lazy_call.<locals>._handler at 0x000001B563AC5640>
2026-03-02 12:28:48,537 - DEBUG - hooks.py - Event creating-client-class.s3: calling handler <function add_generate_presigned_url at 0x000001B53595D900>
2026-03-02 12:28:48,538 - DEBUG - configprovider.py - Looking for endpoint for s3 via: environment_service
2026-03-02 12:28:48,539 - DEBUG - configprovider.py - Looking for endpoint for s3 via: environment_global
2026-03-02 12:28:48,539 - DEBUG - configprovider.py - Looking for endpoint for s3 via: config_service
2026-03-02 12:28:48,539 - DEBUG - configprovider.py - Looking for endpoint for s3 via: config_global
2026-03-02 12:28:48,539 - DEBUG - configprovider.py - No configured endpoint found.
2026-03-02 12:28:48,543 - DEBUG - endpoint.py - Setting s3 timeout as (60, 60)
2026-03-02 12:28:48,547 - DEBUG - loaders.py - Loading JSON file: e:\AlgoAnalytics\Project2\Quant_Strategy\.venv\Lib\site-packages\botocore\data\_retry.json
2026-03-02 12:28:48,547 - DEBUG - client.py - Registering retry handlers for service: s3
2026-03-02 12:28:48,548 - DEBUG - utils.py - Registering S3 region redirector handler
2026-03-02 12:28:48,548 - DEBUG - utils.py - Registering S3Express Identity Resolver
2026-03-02 12:28:49,117 - INFO - main.py - Submitting task for Jul 2014
2026-03-02 12:28:49,118 - INFO - main.py - Submitting task for Aug 2014
2026-03-02 12:28:49,126 - INFO - main.py - Submitting task for Sep 2014
2026-03-02 12:28:49,152 - INFO - main.py - Submitting task for Oct 2014
2026-03-02 12:28:49,159 - INFO - main.py - Submitting task for Nov 2014
2026-03-02 12:28:49,170 - INFO - main.py - Submitting task for Dec 2014
2026-03-02 12:33:29,975 - DEBUG - hooks.py - Changing event name from creating-client-class.iot-data to creating-client-class.iot-data-plane
2026-03-02 12:33:29,976 - DEBUG - hooks.py - Changing event name from before-call.apigateway to before-call.api-gateway
2026-03-02 12:33:29,977 - DEBUG - hooks.py - Changing event name from request-created.machinelearning.Predict to request-created.machine-learning.Predict
2026-03-02 12:33:29,978 - DEBUG - hooks.py - Changing event name from before-parameter-build.autoscaling.CreateLaunchConfiguration to before-parameter-build.auto-scaling.CreateLaunchConfiguration
2026-03-02 12:33:29,978 - DEBUG - hooks.py - Changing event name from before-parameter-build.route53 to before-parameter-build.route-53
2026-03-02 12:33:29,979 - DEBUG - hooks.py - Changing event name from request-created.cloudsearchdomain.Search to request-created.cloudsearch-domain.Search
2026-03-02 12:33:29,979 - DEBUG - hooks.py - Changing event name from docs.*.autoscaling.CreateLaunchConfiguration.complete-section to docs.*.auto-scaling.CreateLaunchConfiguration.complete-section
2026-03-02 12:33:29,981 - DEBUG - hooks.py - Changing event name from before-parameter-build.logs.CreateExportTask to before-parameter-build.cloudwatch-logs.CreateExportTask
2026-03-02 12:33:29,981 - DEBUG - hooks.py - Changing event name from docs.*.logs.CreateExportTask.complete-section to docs.*.cloudwatch-logs.CreateExportTask.complete-section
2026-03-02 12:33:29,982 - DEBUG - hooks.py - Changing event name from before-parameter-build.cloudsearchdomain.Search to before-parameter-build.cloudsearch-domain.Search
2026-03-02 12:33:29,982 - DEBUG - hooks.py - Changing event name from docs.*.cloudsearchdomain.Search.complete-section to docs.*.cloudsearch-domain.Search.complete-section
2026-03-02 12:33:29,986 - DEBUG - loaders.py - Loading JSON file: e:\AlgoAnalytics\Project2\Quant_Strategy\.venv\Lib\site-packages\botocore\data\endpoints.json
2026-03-02 12:33:30,007 - DEBUG - loaders.py - Loading JSON file: e:\AlgoAnalytics\Project2\Quant_Strategy\.venv\Lib\site-packages\botocore\data\sdk-default-configuration.json
2026-03-02 12:33:30,008 - DEBUG - hooks.py - Event choose-service-name: calling handler <function handle_service_name_alias at 0x0000020A748CFED0>
2026-03-02 12:33:30,047 - DEBUG - loaders.py - Loading JSON file: e:\AlgoAnalytics\Project2\Quant_Strategy\.venv\Lib\site-packages\botocore\data\s3\2006-03-01\service-2.json.gz
2026-03-02 12:33:30,053 - DEBUG - loaders.py - Loading JSON file: e:\AlgoAnalytics\Project2\Quant_Strategy\.venv\Lib\site-packages\botocore\data\s3\2006-03-01\service-2.sdk-extras.json
2026-03-02 12:33:30,081 - DEBUG - loaders.py - Loading JSON file: e:\AlgoAnalytics\Project2\Quant_Strategy\.venv\Lib\site-packages\botocore\data\s3\2006-03-01\endpoint-rule-set-1.json.gz
2026-03-02 12:33:30,085 - DEBUG - loaders.py - Loading JSON file: e:\AlgoAnalytics\Project2\Quant_Strategy\.venv\Lib\site-packages\botocore\data\partitions.json
2026-03-02 12:33:30,086 - DEBUG - hooks.py - Event creating-client-class.s3: calling handler <function add_generate_presigned_post at 0x0000020A748CDBC0>
2026-03-02 12:33:30,086 - DEBUG - hooks.py - Event creating-client-class.s3: calling handler <function lazy_call.<locals>._handler at 0x0000020A7FA75640>
2026-03-02 12:33:30,088 - DEBUG - hooks.py - Event creating-client-class.s3: calling handler <function add_generate_presigned_url at 0x0000020A748CD900>
2026-03-02 12:33:30,090 - DEBUG - configprovider.py - Looking for endpoint for s3 via: environment_service
2026-03-02 12:33:30,090 - DEBUG - configprovider.py - Looking for endpoint for s3 via: environment_global
2026-03-02 12:33:30,090 - DEBUG - configprovider.py - Looking for endpoint for s3 via: config_service
2026-03-02 12:33:30,090 - DEBUG - configprovider.py - Looking for endpoint for s3 via: config_global
2026-03-02 12:33:30,090 - DEBUG - configprovider.py - No configured endpoint found.
2026-03-02 12:33:30,095 - DEBUG - endpoint.py - Setting s3 timeout as (60, 60)
2026-03-02 12:33:30,099 - DEBUG - loaders.py - Loading JSON file: e:\AlgoAnalytics\Project2\Quant_Strategy\.venv\Lib\site-packages\botocore\data\_retry.json
2026-03-02 12:33:30,100 - DEBUG - client.py - Registering retry handlers for service: s3
2026-03-02 12:33:30,100 - DEBUG - utils.py - Registering S3 region redirector handler
2026-03-02 12:33:30,101 - DEBUG - utils.py - Registering S3Express Identity Resolver
2026-03-02 12:33:30,763 - INFO - main.py - Submitting task for Jul 2014
2026-03-02 12:33:30,764 - INFO - main.py - Submitting task for Aug 2014
2026-03-02 12:33:30,772 - INFO - main.py - Submitting task for Sep 2014
2026-03-02 12:33:30,779 - INFO - main.py - Submitting task for Oct 2014
2026-03-02 12:33:30,796 - INFO - main.py - Submitting task for Nov 2014
2026-03-02 12:33:30,822 - INFO - main.py - Submitting task for Dec 2014
2026-03-02 14:49:17,103 - DEBUG - hooks.py - Changing event name from creating-client-class.iot-data to creating-client-class.iot-data-plane
2026-03-02 14:49:17,105 - DEBUG - hooks.py - Changing event name from before-call.apigateway to before-call.api-gateway
2026-03-02 14:49:17,106 - DEBUG - hooks.py - Changing event name from request-created.machinelearning.Predict to request-created.machine-learning.Predict
2026-03-02 14:49:17,107 - DEBUG - hooks.py - Changing event name from before-parameter-build.autoscaling.CreateLaunchConfiguration to before-parameter-build.auto-scaling.CreateLaunchConfiguration
2026-03-02 14:49:17,107 - DEBUG - hooks.py - Changing event name from before-parameter-build.route53 to before-parameter-build.route-53
2026-03-02 14:49:17,108 - DEBUG - hooks.py - Changing event name from request-created.cloudsearchdomain.Search to request-created.cloudsearch-domain.Search
2026-03-02 14:49:17,109 - DEBUG - hooks.py - Changing event name from docs.*.autoscaling.CreateLaunchConfiguration.complete-section to docs.*.auto-scaling.CreateLaunchConfiguration.complete-section
2026-03-02 14:49:17,112 - DEBUG - hooks.py - Changing event name from before-parameter-build.logs.CreateExportTask to before-parameter-build.cloudwatch-logs.CreateExportTask
2026-03-02 14:49:17,113 - DEBUG - hooks.py - Changing event name from docs.*.logs.CreateExportTask.complete-section to docs.*.cloudwatch-logs.CreateExportTask.complete-section
2026-03-02 14:49:17,113 - DEBUG - hooks.py - Changing event name from before-parameter-build.cloudsearchdomain.Search to before-parameter-build.cloudsearch-domain.Search
2026-03-02 14:49:17,113 - DEBUG - hooks.py - Changing event name from docs.*.cloudsearchdomain.Search.complete-section to docs.*.cloudsearch-domain.Search.complete-section
2026-03-02 14:49:17,130 - DEBUG - loaders.py - Loading JSON file: e:\AlgoAnalytics\Project2\Quant_Strategy\.venv\Lib\site-packages\botocore\data\endpoints.json
2026-03-02 14:49:17,146 - DEBUG - loaders.py - Loading JSON file: e:\AlgoAnalytics\Project2\Quant_Strategy\.venv\Lib\site-packages\botocore\data\sdk-default-configuration.json
2026-03-02 14:49:17,147 - DEBUG - hooks.py - Event choose-service-name: calling handler <function handle_service_name_alias at 0x0000024169043ED0>
2026-03-02 14:49:17,191 - DEBUG - loaders.py - Loading JSON file: e:\AlgoAnalytics\Project2\Quant_Strategy\.venv\Lib\site-packages\botocore\data\s3\2006-03-01\service-2.json.gz
2026-03-02 14:49:17,203 - DEBUG - loaders.py - Loading JSON file: e:\AlgoAnalytics\Project2\Quant_Strategy\.venv\Lib\site-packages\botocore\data\s3\2006-03-01\service-2.sdk-extras.json
2026-03-02 14:49:17,251 - DEBUG - loaders.py - Loading JSON file: e:\AlgoAnalytics\Project2\Quant_Strategy\.venv\Lib\site-packages\botocore\data\s3\2006-03-01\endpoint-rule-set-1.json.gz
2026-03-02 14:49:17,267 - DEBUG - loaders.py - Loading JSON file: e:\AlgoAnalytics\Project2\Quant_Strategy\.venv\Lib\site-packages\botocore\data\partitions.json
2026-03-02 14:49:17,268 - DEBUG - hooks.py - Event creating-client-class.s3: calling handler <function add_generate_presigned_post at 0x0000024169041BC0>
2026-03-02 14:49:17,269 - DEBUG - hooks.py - Event creating-client-class.s3: calling handler <function lazy_call.<locals>._handler at 0x0000024117205640>
2026-03-02 14:49:17,276 - DEBUG - hooks.py - Event creating-client-class.s3: calling handler <function add_generate_presigned_url at 0x0000024169041900>
2026-03-02 14:49:17,278 - DEBUG - configprovider.py - Looking for endpoint for s3 via: environment_service
2026-03-02 14:49:17,279 - DEBUG - configprovider.py - Looking for endpoint for s3 via: environment_global
2026-03-02 14:49:17,280 - DEBUG - configprovider.py - Looking for endpoint for s3 via: config_service
2026-03-02 14:49:17,280 - DEBUG - configprovider.py - Looking for endpoint for s3 via: config_global
2026-03-02 14:49:17,281 - DEBUG - configprovider.py - No configured endpoint found.
2026-03-02 14:49:17,287 - DEBUG - endpoint.py - Setting s3 timeout as (60, 60)
2026-03-02 14:49:17,340 - DEBUG - loaders.py - Loading JSON file: e:\AlgoAnalytics\Project2\Quant_Strategy\.venv\Lib\site-packages\botocore\data\_retry.json
2026-03-02 14:49:17,342 - DEBUG - client.py - Registering retry handlers for service: s3
2026-03-02 14:49:17,343 - DEBUG - utils.py - Registering S3 region redirector handler
2026-03-02 14:49:17,344 - DEBUG - utils.py - Registering S3Express Identity Resolver
2026-03-02 14:49:18,021 - INFO - main.py - Submitting task for Jul 2014
2026-03-02 14:49:18,022 - INFO - main.py - Submitting task for Aug 2014
2026-03-02 14:49:18,032 - INFO - main.py - Submitting task for Sep 2014
2026-03-02 14:49:18,038 - INFO - main.py - Submitting task for Oct 2014
2026-03-02 14:49:18,065 - INFO - main.py - Submitting task for Nov 2014
2026-03-02 14:49:18,073 - INFO - main.py - Submitting task for Dec 2014
2026-03-02 15:00:21,697 - DEBUG - hooks.py - Changing event name from creating-client-class.iot-data to creating-client-class.iot-data-plane
2026-03-02 15:00:21,698 - DEBUG - hooks.py - Changing event name from before-call.apigateway to before-call.api-gateway
2026-03-02 15:00:21,698 - DEBUG - hooks.py - Changing event name from request-created.machinelearning.Predict to request-created.machine-learning.Predict
2026-03-02 15:00:21,699 - DEBUG - hooks.py - Changing event name from before-parameter-build.autoscaling.CreateLaunchConfiguration to before-parameter-build.auto-scaling.CreateLaunchConfiguration
2026-03-02 15:00:21,700 - DEBUG - hooks.py - Changing event name from before-parameter-build.route53 to before-parameter-build.route-53
2026-03-02 15:00:21,701 - DEBUG - hooks.py - Changing event name from request-created.cloudsearchdomain.Search to request-created.cloudsearch-domain.Search
2026-03-02 15:00:21,701 - DEBUG - hooks.py - Changing event name from docs.*.autoscaling.CreateLaunchConfiguration.complete-section to docs.*.auto-scaling.CreateLaunchConfiguration.complete-section
2026-03-02 15:00:21,703 - DEBUG - hooks.py - Changing event name from before-parameter-build.logs.CreateExportTask to before-parameter-build.cloudwatch-logs.CreateExportTask
2026-03-02 15:00:21,703 - DEBUG - hooks.py - Changing event name from docs.*.logs.CreateExportTask.complete-section to docs.*.cloudwatch-logs.CreateExportTask.complete-section
2026-03-02 15:00:21,703 - DEBUG - hooks.py - Changing event name from before-parameter-build.cloudsearchdomain.Search to before-parameter-build.cloudsearch-domain.Search
2026-03-02 15:00:21,703 - DEBUG - hooks.py - Changing event name from docs.*.cloudsearchdomain.Search.complete-section to docs.*.cloudsearch-domain.Search.complete-section
2026-03-02 15:00:21,707 - DEBUG - loaders.py - Loading JSON file: e:\AlgoAnalytics\Project2\Quant_Strategy\.venv\Lib\site-packages\botocore\data\endpoints.json
2026-03-02 15:00:21,721 - DEBUG - loaders.py - Loading JSON file: e:\AlgoAnalytics\Project2\Quant_Strategy\.venv\Lib\site-packages\botocore\data\sdk-default-configuration.json
2026-03-02 15:00:21,722 - DEBUG - hooks.py - Event choose-service-name: calling handler <function handle_service_name_alias at 0x00000217A1D53ED0>
2026-03-02 15:00:21,753 - DEBUG - loaders.py - Loading JSON file: e:\AlgoAnalytics\Project2\Quant_Strategy\.venv\Lib\site-packages\botocore\data\s3\2006-03-01\service-2.json.gz
2026-03-02 15:00:21,759 - DEBUG - loaders.py - Loading JSON file: e:\AlgoAnalytics\Project2\Quant_Strategy\.venv\Lib\site-packages\botocore\data\s3\2006-03-01\service-2.sdk-extras.json
2026-03-02 15:00:21,794 - DEBUG - loaders.py - Loading JSON file: e:\AlgoAnalytics\Project2\Quant_Strategy\.venv\Lib\site-packages\botocore\data\s3\2006-03-01\endpoint-rule-set-1.json.gz
2026-03-02 15:00:21,801 - DEBUG - loaders.py - Loading JSON file: e:\AlgoAnalytics\Project2\Quant_Strategy\.venv\Lib\site-packages\botocore\data\partitions.json
2026-03-02 15:00:21,802 - DEBUG - hooks.py - Event creating-client-class.s3: calling handler <function add_generate_presigned_post at 0x00000217A1D51BC0>
2026-03-02 15:00:21,803 - DEBUG - hooks.py - Event creating-client-class.s3: calling handler <function lazy_call.<locals>._handler at 0x00000217CFED5640>
2026-03-02 15:00:21,808 - DEBUG - hooks.py - Event creating-client-class.s3: calling handler <function add_generate_presigned_url at 0x00000217A1D51900>
2026-03-02 15:00:21,810 - DEBUG - configprovider.py - Looking for endpoint for s3 via: environment_service
2026-03-02 15:00:21,810 - DEBUG - configprovider.py - Looking for endpoint for s3 via: environment_global
2026-03-02 15:00:21,811 - DEBUG - configprovider.py - Looking for endpoint for s3 via: config_service
2026-03-02 15:00:21,811 - DEBUG - configprovider.py - Looking for endpoint for s3 via: config_global
2026-03-02 15:00:21,811 - DEBUG - configprovider.py - No configured endpoint found.
2026-03-02 15:00:21,815 - DEBUG - endpoint.py - Setting s3 timeout as (60, 60)
2026-03-02 15:00:21,820 - DEBUG - loaders.py - Loading JSON file: e:\AlgoAnalytics\Project2\Quant_Strategy\.venv\Lib\site-packages\botocore\data\_retry.json
2026-03-02 15:00:21,821 - DEBUG - client.py - Registering retry handlers for service: s3
2026-03-02 15:00:21,821 - DEBUG - utils.py - Registering S3 region redirector handler
2026-03-02 15:00:21,822 - DEBUG - utils.py - Registering S3Express Identity Resolver
2026-03-02 15:00:22,459 - INFO - main.py - Submitting task for Jul 2014
2026-03-02 15:00:22,461 - INFO - main.py - Submitting task for Aug 2014
2026-03-02 15:00:22,466 - INFO - main.py - Submitting task for Sep 2014
2026-03-02 15:00:22,475 - INFO - main.py - Submitting task for Oct 2014
2026-03-02 15:00:22,496 - INFO - main.py - Submitting task for Nov 2014
2026-03-02 15:00:22,508 - INFO - main.py - Submitting task for Dec 2014
2026-03-02 15:18:18,505 - DEBUG - hooks.py - Changing event name from creating-client-class.iot-data to creating-client-class.iot-data-plane
2026-03-02 15:18:18,507 - DEBUG - hooks.py - Changing event name from before-call.apigateway to before-call.api-gateway
2026-03-02 15:18:18,508 - DEBUG - hooks.py - Changing event name from request-created.machinelearning.Predict to request-created.machine-learning.Predict
2026-03-02 15:18:18,509 - DEBUG - hooks.py - Changing event name from before-parameter-build.autoscaling.CreateLaunchConfiguration to before-parameter-build.auto-scaling.CreateLaunchConfiguration
2026-03-02 15:18:18,509 - DEBUG - hooks.py - Changing event name from before-parameter-build.route53 to before-parameter-build.route-53
2026-03-02 15:18:18,509 - DEBUG - hooks.py - Changing event name from request-created.cloudsearchdomain.Search to request-created.cloudsearch-domain.Search
2026-03-02 15:18:18,510 - DEBUG - hooks.py - Changing event name from docs.*.autoscaling.CreateLaunchConfiguration.complete-section to docs.*.auto-scaling.CreateLaunchConfiguration.complete-section
2026-03-02 15:18:18,511 - DEBUG - hooks.py - Changing event name from before-parameter-build.logs.CreateExportTask to before-parameter-build.cloudwatch-logs.CreateExportTask
2026-03-02 15:18:18,511 - DEBUG - hooks.py - Changing event name from docs.*.logs.CreateExportTask.complete-section to docs.*.cloudwatch-logs.CreateExportTask.complete-section
2026-03-02 15:18:18,511 - DEBUG - hooks.py - Changing event name from before-parameter-build.cloudsearchdomain.Search to before-parameter-build.cloudsearch-domain.Search
2026-03-02 15:18:18,512 - DEBUG - hooks.py - Changing event name from docs.*.cloudsearchdomain.Search.complete-section to docs.*.cloudsearch-domain.Search.complete-section
2026-03-02 15:18:18,518 - DEBUG - loaders.py - Loading JSON file: e:\AlgoAnalytics\Project2\Quant_Strategy\.venv\Lib\site-packages\botocore\data\endpoints.json
2026-03-02 15:18:18,539 - DEBUG - loaders.py - Loading JSON file: e:\AlgoAnalytics\Project2\Quant_Strategy\.venv\Lib\site-packages\botocore\data\sdk-default-configuration.json
2026-03-02 15:18:18,541 - DEBUG - hooks.py - Event choose-service-name: calling handler <function handle_service_name_alias at 0x0000014D4B34FED0>
2026-03-02 15:18:18,597 - DEBUG - loaders.py - Loading JSON file: e:\AlgoAnalytics\Project2\Quant_Strategy\.venv\Lib\site-packages\botocore\data\s3\2006-03-01\service-2.json.gz
2026-03-02 15:18:18,608 - DEBUG - loaders.py - Loading JSON file: e:\AlgoAnalytics\Project2\Quant_Strategy\.venv\Lib\site-packages\botocore\data\s3\2006-03-01\service-2.sdk-extras.json
2026-03-02 15:18:18,784 - DEBUG - loaders.py - Loading JSON file: e:\AlgoAnalytics\Project2\Quant_Strategy\.venv\Lib\site-packages\botocore\data\s3\2006-03-01\endpoint-rule-set-1.json.gz
2026-03-02 15:18:18,791 - DEBUG - loaders.py - Loading JSON file: e:\AlgoAnalytics\Project2\Quant_Strategy\.venv\Lib\site-packages\botocore\data\partitions.json
2026-03-02 15:18:18,794 - DEBUG - hooks.py - Event creating-client-class.s3: calling handler <function add_generate_presigned_post at 0x0000014D4B34DBC0>
2026-03-02 15:18:18,800 - DEBUG - hooks.py - Event creating-client-class.s3: calling handler <function lazy_call.<locals>._handler at 0x0000014D794D5640>
2026-03-02 15:18:18,809 - DEBUG - hooks.py - Event creating-client-class.s3: calling handler <function add_generate_presigned_url at 0x0000014D4B34D900>
2026-03-02 15:18:18,819 - DEBUG - configprovider.py - Looking for endpoint for s3 via: environment_service
2026-03-02 15:18:18,820 - DEBUG - configprovider.py - Looking for endpoint for s3 via: environment_global
2026-03-02 15:18:18,821 - DEBUG - configprovider.py - Looking for endpoint for s3 via: config_service
2026-03-02 15:18:18,822 - DEBUG - configprovider.py - Looking for endpoint for s3 via: config_global
2026-03-02 15:18:18,822 - DEBUG - configprovider.py - No configured endpoint found.
2026-03-02 15:18:18,837 - DEBUG - endpoint.py - Setting s3 timeout as (60, 60)
2026-03-02 15:18:18,850 - DEBUG - loaders.py - Loading JSON file: e:\AlgoAnalytics\Project2\Quant_Strategy\.venv\Lib\site-packages\botocore\data\_retry.json
2026-03-02 15:18:18,851 - DEBUG - client.py - Registering retry handlers for service: s3
2026-03-02 15:18:18,852 - DEBUG - utils.py - Registering S3 region redirector handler
2026-03-02 15:18:18,853 - DEBUG - utils.py - Registering S3Express Identity Resolver
2026-03-02 15:18:20,076 - INFO - main.py - Submitting task for Jul 2014
2026-03-02 15:18:20,078 - INFO - main.py - Submitting task for Aug 2014
2026-03-02 15:18:20,091 - INFO - main.py - Submitting task for Sep 2014
2026-03-02 15:18:20,262 - INFO - main.py - Submitting task for Oct 2014
2026-03-02 15:18:20,323 - INFO - main.py - Submitting task for Nov 2014
2026-03-02 15:18:20,332 - INFO - main.py - Submitting task for Dec 2014
2026-03-02 17:53:10,476 - DEBUG - hooks.py - Changing event name from creating-client-class.iot-data to creating-client-class.iot-data-plane
2026-03-02 17:53:10,481 - DEBUG - hooks.py - Changing event name from before-call.apigateway to before-call.api-gateway
2026-03-02 17:53:10,483 - DEBUG - hooks.py - Changing event name from request-created.machinelearning.Predict to request-created.machine-learning.Predict
2026-03-02 17:53:10,486 - DEBUG - hooks.py - Changing event name from before-parameter-build.autoscaling.CreateLaunchConfiguration to before-parameter-build.auto-scaling.CreateLaunchConfiguration
2026-03-02 17:53:10,487 - DEBUG - hooks.py - Changing event name from before-parameter-build.route53 to before-parameter-build.route-53
2026-03-02 17:53:10,489 - DEBUG - hooks.py - Changing event name from request-created.cloudsearchdomain.Search to request-created.cloudsearch-domain.Search
2026-03-02 17:53:10,490 - DEBUG - hooks.py - Changing event name from docs.*.autoscaling.CreateLaunchConfiguration.complete-section to docs.*.auto-scaling.CreateLaunchConfiguration.complete-section
2026-03-02 17:53:10,494 - DEBUG - hooks.py - Changing event name from before-parameter-build.logs.CreateExportTask to before-parameter-build.cloudwatch-logs.CreateExportTask
2026-03-02 17:53:10,495 - DEBUG - hooks.py - Changing event name from docs.*.logs.CreateExportTask.complete-section to docs.*.cloudwatch-logs.CreateExportTask.complete-section
2026-03-02 17:53:10,495 - DEBUG - hooks.py - Changing event name from before-parameter-build.cloudsearchdomain.Search to before-parameter-build.cloudsearch-domain.Search
2026-03-02 17:53:10,496 - DEBUG - hooks.py - Changing event name from docs.*.cloudsearchdomain.Search.complete-section to docs.*.cloudsearch-domain.Search.complete-section
2026-03-02 17:53:10,510 - DEBUG - loaders.py - Loading JSON file: e:\AlgoAnalytics\Project2\Quant_Strategy\.venv\Lib\site-packages\botocore\data\endpoints.json
2026-03-02 17:53:10,546 - DEBUG - loaders.py - Loading JSON file: e:\AlgoAnalytics\Project2\Quant_Strategy\.venv\Lib\site-packages\botocore\data\sdk-default-configuration.json
2026-03-02 17:53:10,547 - DEBUG - hooks.py - Event choose-service-name: calling handler <function handle_service_name_alias at 0x0000018EF7F3FED0>
2026-03-02 17:53:10,728 - DEBUG - loaders.py - Loading JSON file: e:\AlgoAnalytics\Project2\Quant_Strategy\.venv\Lib\site-packages\botocore\data\s3\2006-03-01\service-2.json.gz
2026-03-02 17:53:10,758 - DEBUG - loaders.py - Loading JSON file: e:\AlgoAnalytics\Project2\Quant_Strategy\.venv\Lib\site-packages\botocore\data\s3\2006-03-01\service-2.sdk-extras.json
2026-03-02 17:53:10,915 - DEBUG - loaders.py - Loading JSON file: e:\AlgoAnalytics\Project2\Quant_Strategy\.venv\Lib\site-packages\botocore\data\s3\2006-03-01\endpoint-rule-set-1.json.gz
2026-03-02 17:53:10,927 - DEBUG - loaders.py - Loading JSON file: e:\AlgoAnalytics\Project2\Quant_Strategy\.venv\Lib\site-packages\botocore\data\partitions.json
2026-03-02 17:53:10,931 - DEBUG - hooks.py - Event creating-client-class.s3: calling handler <function add_generate_presigned_post at 0x0000018EF7F3DBC0>
2026-03-02 17:53:10,932 - DEBUG - hooks.py - Event creating-client-class.s3: calling handler <function lazy_call.<locals>._handler at 0x0000018EA61C9640>
2026-03-02 17:53:10,944 - DEBUG - hooks.py - Event creating-client-class.s3: calling handler <function add_generate_presigned_url at 0x0000018EF7F3D900>
2026-03-02 17:53:10,949 - DEBUG - configprovider.py - Looking for endpoint for s3 via: environment_service
2026-03-02 17:53:10,949 - DEBUG - configprovider.py - Looking for endpoint for s3 via: environment_global
2026-03-02 17:53:10,950 - DEBUG - configprovider.py - Looking for endpoint for s3 via: config_service
2026-03-02 17:53:10,951 - DEBUG - configprovider.py - Looking for endpoint for s3 via: config_global
2026-03-02 17:53:10,951 - DEBUG - configprovider.py - No configured endpoint found.
2026-03-02 17:53:10,968 - DEBUG - endpoint.py - Setting s3 timeout as (60, 60)
2026-03-02 17:53:10,983 - DEBUG - loaders.py - Loading JSON file: e:\AlgoAnalytics\Project2\Quant_Strategy\.venv\Lib\site-packages\botocore\data\_retry.json
2026-03-02 17:53:10,985 - DEBUG - client.py - Registering retry handlers for service: s3
2026-03-02 17:53:10,986 - DEBUG - utils.py - Registering S3 region redirector handler
2026-03-02 17:53:10,988 - DEBUG - utils.py - Registering S3Express Identity Resolver
2026-03-02 17:53:13,344 - INFO - main.py - Submitting task for Jul 2014
2026-03-02 17:53:13,347 - INFO - main.py - Submitting task for Aug 2014
2026-03-02 17:53:13,376 - INFO - main.py - Submitting task for Sep 2014
2026-03-02 17:53:13,403 - INFO - main.py - Submitting task for Oct 2014
2026-03-02 17:53:13,445 - INFO - main.py - Submitting task for Nov 2014
2026-03-02 17:53:13,576 - INFO - main.py - Submitting task for Dec 2014
2026-03-02 17:58:14,914 - DEBUG - hooks.py - Changing event name from creating-client-class.iot-data to creating-client-class.iot-data-plane
2026-03-02 17:58:14,955 - DEBUG - hooks.py - Changing event name from before-call.apigateway to before-call.api-gateway
2026-03-02 17:58:14,956 - DEBUG - hooks.py - Changing event name from request-created.machinelearning.Predict to request-created.machine-learning.Predict
2026-03-02 17:58:14,959 - DEBUG - hooks.py - Changing event name from before-parameter-build.autoscaling.CreateLaunchConfiguration to before-parameter-build.auto-scaling.CreateLaunchConfiguration
2026-03-02 17:58:14,960 - DEBUG - hooks.py - Changing event name from before-parameter-build.route53 to before-parameter-build.route-53
2026-03-02 17:58:14,961 - DEBUG - hooks.py - Changing event name from request-created.cloudsearchdomain.Search to request-created.cloudsearch-domain.Search
2026-03-02 17:58:14,962 - DEBUG - hooks.py - Changing event name from docs.*.autoscaling.CreateLaunchConfiguration.complete-section to docs.*.auto-scaling.CreateLaunchConfiguration.complete-section
2026-03-02 17:58:14,964 - DEBUG - hooks.py - Changing event name from before-parameter-build.logs.CreateExportTask to before-parameter-build.cloudwatch-logs.CreateExportTask
2026-03-02 17:58:14,965 - DEBUG - hooks.py - Changing event name from docs.*.logs.CreateExportTask.complete-section to docs.*.cloudwatch-logs.CreateExportTask.complete-section
2026-03-02 17:58:14,965 - DEBUG - hooks.py - Changing event name from before-parameter-build.cloudsearchdomain.Search to before-parameter-build.cloudsearch-domain.Search
2026-03-02 17:58:14,966 - DEBUG - hooks.py - Changing event name from docs.*.cloudsearchdomain.Search.complete-section to docs.*.cloudsearch-domain.Search.complete-section
2026-03-02 17:58:14,977 - DEBUG - loaders.py - Loading JSON file: e:\AlgoAnalytics\Project2\Quant_Strategy\.venv\Lib\site-packages\botocore\data\endpoints.json
2026-03-02 17:58:15,004 - DEBUG - loaders.py - Loading JSON file: e:\AlgoAnalytics\Project2\Quant_Strategy\.venv\Lib\site-packages\botocore\data\sdk-default-configuration.json
2026-03-02 17:58:15,005 - DEBUG - hooks.py - Event choose-service-name: calling handler <function handle_service_name_alias at 0x00000280479EFED0>
2026-03-02 17:58:15,079 - DEBUG - loaders.py - Loading JSON file: e:\AlgoAnalytics\Project2\Quant_Strategy\.venv\Lib\site-packages\botocore\data\s3\2006-03-01\service-2.json.gz
2026-03-02 17:58:15,092 - DEBUG - loaders.py - Loading JSON file: e:\AlgoAnalytics\Project2\Quant_Strategy\.venv\Lib\site-packages\botocore\data\s3\2006-03-01\service-2.sdk-extras.json
2026-03-02 17:58:15,155 - DEBUG - loaders.py - Loading JSON file: e:\AlgoAnalytics\Project2\Quant_Strategy\.venv\Lib\site-packages\botocore\data\s3\2006-03-01\endpoint-rule-set-1.json.gz
2026-03-02 17:58:15,162 - DEBUG - loaders.py - Loading JSON file: e:\AlgoAnalytics\Project2\Quant_Strategy\.venv\Lib\site-packages\botocore\data\partitions.json
2026-03-02 17:58:15,167 - DEBUG - hooks.py - Event creating-client-class.s3: calling handler <function add_generate_presigned_post at 0x00000280479EDBC0>
2026-03-02 17:58:15,168 - DEBUG - hooks.py - Event creating-client-class.s3: calling handler <function lazy_call.<locals>._handler at 0x0000028075B75640>
2026-03-02 17:58:15,178 - DEBUG - hooks.py - Event creating-client-class.s3: calling handler <function add_generate_presigned_url at 0x00000280479ED900>
2026-03-02 17:58:15,182 - DEBUG - configprovider.py - Looking for endpoint for s3 via: environment_service
2026-03-02 17:58:15,182 - DEBUG - configprovider.py - Looking for endpoint for s3 via: environment_global
2026-03-02 17:58:15,184 - DEBUG - configprovider.py - Looking for endpoint for s3 via: config_service
2026-03-02 17:58:15,185 - DEBUG - configprovider.py - Looking for endpoint for s3 via: config_global
2026-03-02 17:58:15,185 - DEBUG - configprovider.py - No configured endpoint found.
2026-03-02 17:58:15,194 - DEBUG - endpoint.py - Setting s3 timeout as (60, 60)
2026-03-02 17:58:15,210 - DEBUG - loaders.py - Loading JSON file: e:\AlgoAnalytics\Project2\Quant_Strategy\.venv\Lib\site-packages\botocore\data\_retry.json
2026-03-02 17:58:15,211 - DEBUG - client.py - Registering retry handlers for service: s3
2026-03-02 17:58:15,212 - DEBUG - utils.py - Registering S3 region redirector handler
2026-03-02 17:58:15,212 - DEBUG - utils.py - Registering S3Express Identity Resolver
2026-03-02 17:58:16,280 - INFO - main.py - Submitting task for Jul 2014
2026-03-02 17:58:16,282 - INFO - main.py - Submitting task for Aug 2014
2026-03-02 17:58:16,341 - INFO - main.py - Submitting task for Sep 2014
2026-03-02 17:58:16,367 - INFO - main.py - Submitting task for Oct 2014
2026-03-02 17:58:16,430 - INFO - main.py - Submitting task for Nov 2014
2026-03-02 17:58:16,432 - INFO - main.py - Submitting task for Dec 2014
2026-03-02 17:59:01,301 - DEBUG - hooks.py - Changing event name from creating-client-class.iot-data to creating-client-class.iot-data-plane
2026-03-02 17:59:01,303 - DEBUG - hooks.py - Changing event name from before-call.apigateway to before-call.api-gateway
2026-03-02 17:59:01,304 - DEBUG - hooks.py - Changing event name from request-created.machinelearning.Predict to request-created.machine-learning.Predict
2026-03-02 17:59:01,305 - DEBUG - hooks.py - Changing event name from before-parameter-build.autoscaling.CreateLaunchConfiguration to before-parameter-build.auto-scaling.CreateLaunchConfiguration
2026-03-02 17:59:01,306 - DEBUG - hooks.py - Changing event name from before-parameter-build.route53 to before-parameter-build.route-53
2026-03-02 17:59:01,306 - DEBUG - hooks.py - Changing event name from request-created.cloudsearchdomain.Search to request-created.cloudsearch-domain.Search
2026-03-02 17:59:01,307 - DEBUG - hooks.py - Changing event name from docs.*.autoscaling.CreateLaunchConfiguration.complete-section to docs.*.auto-scaling.CreateLaunchConfiguration.complete-section
2026-03-02 17:59:01,309 - DEBUG - hooks.py - Changing event name from before-parameter-build.logs.CreateExportTask to before-parameter-build.cloudwatch-logs.CreateExportTask
2026-03-02 17:59:01,310 - DEBUG - hooks.py - Changing event name from docs.*.logs.CreateExportTask.complete-section to docs.*.cloudwatch-logs.CreateExportTask.complete-section
2026-03-02 17:59:01,310 - DEBUG - hooks.py - Changing event name from before-parameter-build.cloudsearchdomain.Search to before-parameter-build.cloudsearch-domain.Search
2026-03-02 17:59:01,310 - DEBUG - hooks.py - Changing event name from docs.*.cloudsearchdomain.Search.complete-section to docs.*.cloudsearch-domain.Search.complete-section
2026-03-02 17:59:01,316 - DEBUG - loaders.py - Loading JSON file: e:\AlgoAnalytics\Project2\Quant_Strategy\.venv\Lib\site-packages\botocore\data\endpoints.json
2026-03-02 17:59:01,339 - DEBUG - loaders.py - Loading JSON file: e:\AlgoAnalytics\Project2\Quant_Strategy\.venv\Lib\site-packages\botocore\data\sdk-default-configuration.json
2026-03-02 17:59:01,340 - DEBUG - hooks.py - Event choose-service-name: calling handler <function handle_service_name_alias at 0x000001A61A243ED0>
2026-03-02 17:59:01,391 - DEBUG - loaders.py - Loading JSON file: e:\AlgoAnalytics\Project2\Quant_Strategy\.venv\Lib\site-packages\botocore\data\s3\2006-03-01\service-2.json.gz
2026-03-02 17:59:01,401 - DEBUG - loaders.py - Loading JSON file: e:\AlgoAnalytics\Project2\Quant_Strategy\.venv\Lib\site-packages\botocore\data\s3\2006-03-01\service-2.sdk-extras.json
2026-03-02 17:59:01,449 - DEBUG - loaders.py - Loading JSON file: e:\AlgoAnalytics\Project2\Quant_Strategy\.venv\Lib\site-packages\botocore\data\s3\2006-03-01\endpoint-rule-set-1.json.gz
2026-03-02 17:59:01,454 - DEBUG - loaders.py - Loading JSON file: e:\AlgoAnalytics\Project2\Quant_Strategy\.venv\Lib\site-packages\botocore\data\partitions.json
2026-03-02 17:59:01,455 - DEBUG - hooks.py - Event creating-client-class.s3: calling handler <function add_generate_presigned_post at 0x000001A61A241BC0>
2026-03-02 17:59:01,456 - DEBUG - hooks.py - Event creating-client-class.s3: calling handler <function lazy_call.<locals>._handler at 0x000001A648379640>
2026-03-02 17:59:01,462 - DEBUG - hooks.py - Event creating-client-class.s3: calling handler <function add_generate_presigned_url at 0x000001A61A241900>
2026-03-02 17:59:01,464 - DEBUG - configprovider.py - Looking for endpoint for s3 via: environment_service
2026-03-02 17:59:01,465 - DEBUG - configprovider.py - Looking for endpoint for s3 via: environment_global
2026-03-02 17:59:01,465 - DEBUG - configprovider.py - Looking for endpoint for s3 via: config_service
2026-03-02 17:59:01,465 - DEBUG - configprovider.py - Looking for endpoint for s3 via: config_global
2026-03-02 17:59:01,465 - DEBUG - configprovider.py - No configured endpoint found.
2026-03-02 17:59:01,472 - DEBUG - endpoint.py - Setting s3 timeout as (60, 60)
2026-03-02 17:59:01,479 - DEBUG - loaders.py - Loading JSON file: e:\AlgoAnalytics\Project2\Quant_Strategy\.venv\Lib\site-packages\botocore\data\_retry.json
2026-03-02 17:59:01,480 - DEBUG - client.py - Registering retry handlers for service: s3
2026-03-02 17:59:01,481 - DEBUG - utils.py - Registering S3 region redirector handler
2026-03-02 17:59:01,481 - DEBUG - utils.py - Registering S3Express Identity Resolver
2026-03-02 17:59:02,508 - INFO - main.py - Submitting task for Jul 2014
2026-03-02 17:59:02,509 - INFO - main.py - Submitting task for Aug 2014
2026-03-02 17:59:02,521 - INFO - main.py - Submitting task for Sep 2014
2026-03-02 17:59:02,552 - INFO - main.py - Submitting task for Oct 2014
2026-03-02 17:59:02,573 - INFO - main.py - Submitting task for Nov 2014
2026-03-02 17:59:02,614 - INFO - main.py - Submitting task for Dec 2014
2026-03-02 18:04:03,071 - DEBUG - hooks.py - Changing event name from creating-client-class.iot-data to creating-client-class.iot-data-plane
2026-03-02 18:04:03,072 - DEBUG - hooks.py - Changing event name from before-call.apigateway to before-call.api-gateway
2026-03-02 18:04:03,073 - DEBUG - hooks.py - Changing event name from request-created.machinelearning.Predict to request-created.machine-learning.Predict
2026-03-02 18:04:03,074 - DEBUG - hooks.py - Changing event name from before-parameter-build.autoscaling.CreateLaunchConfiguration to before-parameter-build.auto-scaling.CreateLaunchConfiguration
2026-03-02 18:04:03,074 - DEBUG - hooks.py - Changing event name from before-parameter-build.route53 to before-parameter-build.route-53
2026-03-02 18:04:03,075 - DEBUG - hooks.py - Changing event name from request-created.cloudsearchdomain.Search to request-created.cloudsearch-domain.Search
2026-03-02 18:04:03,076 - DEBUG - hooks.py - Changing event name from docs.*.autoscaling.CreateLaunchConfiguration.complete-section to docs.*.auto-scaling.CreateLaunchConfiguration.complete-section
2026-03-02 18:04:03,077 - DEBUG - hooks.py - Changing event name from before-parameter-build.logs.CreateExportTask to before-parameter-build.cloudwatch-logs.CreateExportTask
2026-03-02 18:04:03,078 - DEBUG - hooks.py - Changing event name from docs.*.logs.CreateExportTask.complete-section to docs.*.cloudwatch-logs.CreateExportTask.complete-section
2026-03-02 18:04:03,078 - DEBUG - hooks.py - Changing event name from before-parameter-build.cloudsearchdomain.Search to before-parameter-build.cloudsearch-domain.Search
2026-03-02 18:04:03,078 - DEBUG - hooks.py - Changing event name from docs.*.cloudsearchdomain.Search.complete-section to docs.*.cloudsearch-domain.Search.complete-section
2026-03-02 18:04:03,082 - DEBUG - loaders.py - Loading JSON file: e:\AlgoAnalytics\Project2\Quant_Strategy\.venv\Lib\site-packages\botocore\data\endpoints.json
2026-03-02 18:04:03,101 - DEBUG - loaders.py - Loading JSON file: e:\AlgoAnalytics\Project2\Quant_Strategy\.venv\Lib\site-packages\botocore\data\sdk-default-configuration.json
2026-03-02 18:04:03,102 - DEBUG - hooks.py - Event choose-service-name: calling handler <function handle_service_name_alias at 0x0000014C96463ED0>
2026-03-02 18:04:03,148 - DEBUG - loaders.py - Loading JSON file: e:\AlgoAnalytics\Project2\Quant_Strategy\.venv\Lib\site-packages\botocore\data\s3\2006-03-01\service-2.json.gz
2026-03-02 18:04:03,158 - DEBUG - loaders.py - Loading JSON file: e:\AlgoAnalytics\Project2\Quant_Strategy\.venv\Lib\site-packages\botocore\data\s3\2006-03-01\service-2.sdk-extras.json
2026-03-02 18:04:03,202 - DEBUG - loaders.py - Loading JSON file: e:\AlgoAnalytics\Project2\Quant_Strategy\.venv\Lib\site-packages\botocore\data\s3\2006-03-01\endpoint-rule-set-1.json.gz
2026-03-02 18:04:03,207 - DEBUG - loaders.py - Loading JSON file: e:\AlgoAnalytics\Project2\Quant_Strategy\.venv\Lib\site-packages\botocore\data\partitions.json
2026-03-02 18:04:03,209 - DEBUG - hooks.py - Event creating-client-class.s3: calling handler <function add_generate_presigned_post at 0x0000014C96461BC0>
2026-03-02 18:04:03,209 - DEBUG - hooks.py - Event creating-client-class.s3: calling handler <function lazy_call.<locals>._handler at 0x0000014CDC5F9E80>
2026-03-02 18:04:03,213 - DEBUG - hooks.py - Event creating-client-class.s3: calling handler <function add_generate_presigned_url at 0x0000014C96461900>
2026-03-02 18:04:03,215 - DEBUG - configprovider.py - Looking for endpoint for s3 via: environment_service
2026-03-02 18:04:03,216 - DEBUG - configprovider.py - Looking for endpoint for s3 via: environment_global
2026-03-02 18:04:03,216 - DEBUG - configprovider.py - Looking for endpoint for s3 via: config_service
2026-03-02 18:04:03,216 - DEBUG - configprovider.py - Looking for endpoint for s3 via: config_global
2026-03-02 18:04:03,216 - DEBUG - configprovider.py - No configured endpoint found.
2026-03-02 18:04:03,222 - DEBUG - endpoint.py - Setting s3 timeout as (60, 60)
2026-03-02 18:04:03,229 - DEBUG - loaders.py - Loading JSON file: e:\AlgoAnalytics\Project2\Quant_Strategy\.venv\Lib\site-packages\botocore\data\_retry.json
2026-03-02 18:04:03,230 - DEBUG - client.py - Registering retry handlers for service: s3
2026-03-02 18:04:03,230 - DEBUG - utils.py - Registering S3 region redirector handler
2026-03-02 18:04:03,231 - DEBUG - utils.py - Registering S3Express Identity Resolver
2026-03-02 18:04:04,092 - INFO - main.py - Submitting task for Jul 2014
2026-03-02 18:04:04,093 - INFO - main.py - Submitting task for Aug 2014
2026-03-02 18:04:04,103 - INFO - main.py - Submitting task for Sep 2014
2026-03-02 18:04:04,127 - INFO - main.py - Submitting task for Oct 2014
2026-03-02 18:04:04,144 - INFO - main.py - Submitting task for Nov 2014
2026-03-02 18:04:04,161 - INFO - main.py - Submitting task for Dec 2014
